ARM GAS  /var/folders/hl/1d1wzyz53356d4mprrtz7cz00000gn/T//ccok3UUb.s 			page 1


   1              		.cpu cortex-m3
   2              		.eabi_attribute 20, 1
   3              		.eabi_attribute 21, 1
   4              		.eabi_attribute 23, 3
   5              		.eabi_attribute 24, 1
   6              		.eabi_attribute 25, 1
   7              		.eabi_attribute 26, 1
   8              		.eabi_attribute 30, 1
   9              		.eabi_attribute 34, 1
  10              		.eabi_attribute 18, 4
  11              		.file	"stm32f1xx_hal_tim_ex.c"
  12              		.text
  13              	.Ltext0:
  14              		.cfi_sections	.debug_frame
  15              	.Letext0:
  16              		.file 1 "/usr/local/Caskroom/gcc-arm-embedded/7-2018-q2-update/gcc-arm-none-eabi-7-2018-q2-update/
  17              		.file 2 "/usr/local/Caskroom/gcc-arm-embedded/7-2018-q2-update/gcc-arm-none-eabi-7-2018-q2-update/
  18              		.file 3 "Drivers/CMSIS/Include/core_cm3.h"
  19              		.file 4 "Drivers/CMSIS/Device/ST/STM32F1xx/Include/system_stm32f1xx.h"
  20              		.file 5 "/usr/local/Caskroom/gcc-arm-embedded/7-2018-q2-update/gcc-arm-none-eabi-7-2018-q2-update/
  21              		.file 6 "/usr/local/Caskroom/gcc-arm-embedded/7-2018-q2-update/gcc-arm-none-eabi-7-2018-q2-update/
  22              		.file 7 "/usr/local/Caskroom/gcc-arm-embedded/7-2018-q2-update/gcc-arm-none-eabi-7-2018-q2-update/
  23              		.file 8 "/usr/local/Caskroom/gcc-arm-embedded/7-2018-q2-update/gcc-arm-none-eabi-7-2018-q2-update/
ARM GAS  /var/folders/hl/1d1wzyz53356d4mprrtz7cz00000gn/T//ccok3UUb.s 			page 2


DEFINED SYMBOLS
                            *ABS*:0000000000000000 stm32f1xx_hal_tim_ex.c

NO UNDEFINED SYMBOLS
